-------------------------------------------------------------------------------
Test set: kass.concurrente.util.AritmeticaTest
-------------------------------------------------------------------------------
Tests run: 2, Failures: 1, Errors: 0, Skipped: 0, Time elapsed: 0.021 s <<< FAILURE! - in kass.concurrente.util.AritmeticaTest
multiplicaTest1  Time elapsed: 0 s
sumaTest1  Time elapsed: 0.009 s  <<< FAILURE!
org.opentest4j.AssertionFailedError: expected: <25.0> but was: <15.0>
	at kass.concurrente.util.AritmeticaTest.sumaTest1(AritmeticaTest.java:18)

