<?xml version="1.0" encoding="UTF-8"?>
<testsuite xmlns:xsi="http://www.w3.org/2001/XMLSchema-instance" xsi:noNamespaceSchemaLocation="https://maven.apache.org/surefire/maven-surefire-plugin/xsd/surefire-test-report.xsd" name="kass.concurrente.Stamped.StampedSnapTest" time="0.061" tests="6" errors="0" skipped="0" failures="0">
  <properties>
[...]
</properties>
  <testcase name="testStampedSnapSetters" classname="kass.concurrente.Stamped.StampedSnapTest" time="0"/>
  <testcase name="testStampedValueConstructor" classname="kass.concurrente.Stamped.StampedSnapTest" time="0"/>
  <testcase name="testStampedValueSetters" classname="kass.concurrente.Stamped.StampedSnapTest" time="0"/>
  <testcase name="testStampedSnapConstructor" classname="kass.concurrente.Stamped.StampedSnapTest" time="0.008"/>
  <testcase name="testStampedSnapAddCommit" classname="kass.concurrente.Stamped.StampedSnapTest" time="0.006"/>
  <testcase name="testStampedValueMax" classname="kass.concurrente.Stamped.StampedSnapTest" time="0.005"/>
</testsuite>